2026-06-16 17:14:49.957 | INFO     | __main__:<module>:6 - Приложение запущено
2026-06-16 17:14:49.958 | INFO     | __main__:binary_insert_sort:108 - binary_insert_sort запущена | данные: [541, 934, 661, -868, 709, -277, 142, 493, 286, 733, -229, 79] | длина: 12
2026-06-16 17:14:49.958 | DEBUG    | __main__:binary_insert_sort:112 - Итерация i=1, key=934
2026-06-16 17:14:49.958 | DEBUG    | __main__:binary_insert_sort:115 - binary search: low=0, high=0, mid=0
2026-06-16 17:14:49.958 | INFO     | __main__:binary_insert_sort:120 - позиция для вставки: 1
2026-06-16 17:14:49.958 | DEBUG    | __main__:binary_insert_sort:125 - вставка key=934 на позицию 1 → [541, 934, 661, -868, 709, -277, 142, 493, 286, 733, -229, 79]
2026-06-16 17:14:49.958 | DEBUG    | __main__:binary_insert_sort:112 - Итерация i=2, key=661
2026-06-16 17:14:49.958 | DEBUG    | __main__:binary_insert_sort:115 - binary search: low=0, high=1, mid=0
2026-06-16 17:14:49.958 | DEBUG    | __main__:binary_insert_sort:115 - binary search: low=1, high=1, mid=1
2026-06-16 17:14:49.958 | INFO     | __main__:binary_insert_sort:120 - позиция для вставки: 1
2026-06-16 17:14:49.958 | DEBUG    | __main__:binary_insert_sort:123 - сдвиг: data[2] = data[1] → [541, 934, 934, -868, 709, -277, 142, 493, 286, 733, -229, 79]
2026-06-16 17:14:49.958 | DEBUG    | __main__:binary_insert_sort:125 - вставка key=661 на позицию 1 → [541, 661, 934, -868, 709, -277, 142, 493, 286, 733, -229, 79]
2026-06-16 17:14:49.958 | DEBUG    | __main__:binary_insert_sort:112 - Итерация i=3, key=-868
2026-06-16 17:14:49.958 | DEBUG    | __main__:binary_insert_sort:115 - binary search: low=0, high=2, mid=1
2026-06-16 17:14:49.958 | DEBUG    | __main__:binary_insert_sort:115 - binary search: low=0, high=0, mid=0
2026-06-16 17:14:49.958 | INFO     | __main__:binary_insert_sort:120 - позиция для вставки: 0
2026-06-16 17:14:49.958 | DEBUG    | __main__:binary_insert_sort:123 - сдвиг: data[3] = data[2] → [541, 661, 934, 934, 709, -277, 142, 493, 286, 733, -229, 79]
2026-06-16 17:14:49.958 | DEBUG    | __main__:binary_insert_sort:123 - сдвиг: data[2] = data[1] → [541, 661, 661, 934, 709, -277, 142, 493, 286, 733, -229, 79]
2026-06-16 17:14:49.959 | DEBUG    | __main__:binary_insert_sort:123 - сдвиг: data[1] = data[0] → [541, 541, 661, 934, 709, -277, 142, 493, 286, 733, -229, 79]
2026-06-16 17:14:49.959 | DEBUG    | __main__:binary_insert_sort:125 - вставка key=-868 на позицию 0 → [-868, 541, 661, 934, 709, -277, 142, 493, 286, 733, -229, 79]
2026-06-16 17:14:49.959 | DEBUG    | __main__:binary_insert_sort:112 - Итерация i=4, key=709
2026-06-16 17:14:49.959 | DEBUG    | __main__:binary_insert_sort:115 - binary search: low=0, high=3, mid=1
2026-06-16 17:14:49.962 | DEBUG    | __main__:binary_insert_sort:115 - binary search: low=2, high=3, mid=2
2026-06-16 17:14:49.962 | DEBUG    | __main__:binary_insert_sort:115 - binary search: low=3, high=3, mid=3
2026-06-16 17:14:49.962 | INFO     | __main__:binary_insert_sort:120 - позиция для вставки: 3
2026-06-16 17:14:49.962 | DEBUG    | __main__:binary_insert_sort:123 - сдвиг: data[4] = data[3] → [-868, 541, 661, 934, 934, -277, 142, 493, 286, 733, -229, 79]
2026-06-16 17:14:49.962 | DEBUG    | __main__:binary_insert_sort:125 - вставка key=709 на позицию 3 → [-868, 541, 661, 709, 934, -277, 142, 493, 286, 733, -229, 79]
2026-06-16 17:14:49.962 | DEBUG    | __main__:binary_insert_sort:112 - Итерация i=5, key=-277
2026-06-16 17:14:49.962 | DEBUG    | __main__:binary_insert_sort:115 - binary search: low=0, high=4, mid=2
2026-06-16 17:14:49.962 | DEBUG    | __main__:binary_insert_sort:115 - binary search: low=0, high=1, mid=0
2026-06-16 17:14:49.962 | DEBUG    | __main__:binary_insert_sort:115 - binary search: low=1, high=1, mid=1
2026-06-16 17:14:49.962 | INFO     | __main__:binary_insert_sort:120 - позиция для вставки: 1
2026-06-16 17:14:49.962 | DEBUG    | __main__:binary_insert_sort:123 - сдвиг: data[5] = data[4] → [-868, 541, 661, 709, 934, 934, 142, 493, 286, 733, -229, 79]
2026-06-16 17:14:49.962 | DEBUG    | __main__:binary_insert_sort:123 - сдвиг: data[4] = data[3] → [-868, 541, 661, 709, 709, 934, 142, 493, 286, 733, -229, 79]
2026-06-16 17:14:49.962 | DEBUG    | __main__:binary_insert_sort:123 - сдвиг: data[3] = data[2] → [-868, 541, 661, 661, 709, 934, 142, 493, 286, 733, -229, 79]
2026-06-16 17:14:49.962 | DEBUG    | __main__:binary_insert_sort:123 - сдвиг: data[2] = data[1] → [-868, 541, 541, 661, 709, 934, 142, 493, 286, 733, -229, 79]
2026-06-16 17:14:49.962 | DEBUG    | __main__:binary_insert_sort:125 - вставка key=-277 на позицию 1 → [-868, -277, 541, 661, 709, 934, 142, 493, 286, 733, -229, 79]
2026-06-16 17:14:49.962 | DEBUG    | __main__:binary_insert_sort:112 - Итерация i=6, key=142
2026-06-16 17:14:49.962 | DEBUG    | __main__:binary_insert_sort:115 - binary search: low=0, high=5, mid=2
2026-06-16 17:14:49.962 | DEBUG    | __main__:binary_insert_sort:115 - binary search: low=0, high=1, mid=0
2026-06-16 17:14:49.962 | DEBUG    | __main__:binary_insert_sort:115 - binary search: low=1, high=1, mid=1
2026-06-16 17:14:49.962 | INFO     | __main__:binary_insert_sort:120 - позиция для вставки: 2
2026-06-16 17:14:49.962 | DEBUG    | __main__:binary_insert_sort:123 - сдвиг: data[6] = data[5] → [-868, -277, 541, 661, 709, 934, 934, 493, 286, 733, -229, 79]
2026-06-16 17:14:49.962 | DEBUG    | __main__:binary_insert_sort:123 - сдвиг: data[5] = data[4] → [-868, -277, 541, 661, 709, 709, 934, 493, 286, 733, -229, 79]
2026-06-16 17:14:49.966 | DEBUG    | __main__:binary_insert_sort:123 - сдвиг: data[4] = data[3] → [-868, -277, 541, 661, 661, 709, 934, 493, 286, 733, -229, 79]
2026-06-16 17:14:49.966 | DEBUG    | __main__:binary_insert_sort:123 - сдвиг: data[3] = data[2] → [-868, -277, 541, 541, 661, 709, 934, 493, 286, 733, -229, 79]
2026-06-16 17:14:49.966 | DEBUG    | __main__:binary_insert_sort:125 - вставка key=142 на позицию 2 → [-868, -277, 142, 541, 661, 709, 934, 493, 286, 733, -229, 79]
2026-06-16 17:14:49.966 | DEBUG    | __main__:binary_insert_sort:112 - Итерация i=7, key=493
2026-06-16 17:14:49.966 | DEBUG    | __main__:binary_insert_sort:115 - binary search: low=0, high=6, mid=3
2026-06-16 17:14:49.966 | DEBUG    | __main__:binary_insert_sort:115 - binary search: low=0, high=2, mid=1
2026-06-16 17:14:49.966 | DEBUG    | __main__:binary_insert_sort:115 - binary search: low=2, high=2, mid=2
2026-06-16 17:14:49.966 | INFO     | __main__:binary_insert_sort:120 - позиция для вставки: 3
2026-06-16 17:14:49.966 | DEBUG    | __main__:binary_insert_sort:123 - сдвиг: data[7] = data[6] → [-868, -277, 142, 541, 661, 709, 934, 934, 286, 733, -229, 79]
2026-06-16 17:14:49.966 | DEBUG    | __main__:binary_insert_sort:123 - сдвиг: data[6] = data[5] → [-868, -277, 142, 541, 661, 709, 709, 934, 286, 733, -229, 79]
2026-06-16 17:14:49.966 | DEBUG    | __main__:binary_insert_sort:123 - сдвиг: data[5] = data[4] → [-868, -277, 142, 541, 661, 661, 709, 934, 286, 733, -229, 79]
2026-06-16 17:14:49.966 | DEBUG    | __main__:binary_insert_sort:123 - сдвиг: data[4] = data[3] → [-868, -277, 142, 541, 541, 661, 709, 934, 286, 733, -229, 79]
2026-06-16 17:14:49.966 | DEBUG    | __main__:binary_insert_sort:125 - вставка key=493 на позицию 3 → [-868, -277, 142, 493, 541, 661, 709, 934, 286, 733, -229, 79]
2026-06-16 17:14:49.966 | DEBUG    | __main__:binary_insert_sort:112 - Итерация i=8, key=286
2026-06-16 17:14:49.966 | DEBUG    | __main__:binary_insert_sort:115 - binary search: low=0, high=7, mid=3
2026-06-16 17:14:49.966 | DEBUG    | __main__:binary_insert_sort:115 - binary search: low=0, high=2, mid=1
2026-06-16 17:14:49.966 | DEBUG    | __main__:binary_insert_sort:115 - binary search: low=2, high=2, mid=2
2026-06-16 17:14:49.966 | INFO     | __main__:binary_insert_sort:120 - позиция для вставки: 3
2026-06-16 17:14:49.966 | DEBUG    | __main__:binary_insert_sort:123 - сдвиг: data[8] = data[7] → [-868, -277, 142, 493, 541, 661, 709, 934, 934, 733, -229, 79]
2026-06-16 17:14:49.966 | DEBUG    | __main__:binary_insert_sort:123 - сдвиг: data[7] = data[6] → [-868, -277, 142, 493, 541, 661, 709, 709, 934, 733, -229, 79]
2026-06-16 17:14:49.966 | DEBUG    | __main__:binary_insert_sort:123 - сдвиг: data[6] = data[5] → [-868, -277, 142, 493, 541, 661, 661, 709, 934, 733, -229, 79]
2026-06-16 17:14:49.967 | DEBUG    | __main__:binary_insert_sort:123 - сдвиг: data[5] = data[4] → [-868, -277, 142, 493, 541, 541, 661, 709, 934, 733, -229, 79]
2026-06-16 17:14:49.967 | DEBUG    | __main__:binary_insert_sort:123 - сдвиг: data[4] = data[3] → [-868, -277, 142, 493, 493, 541, 661, 709, 934, 733, -229, 79]
2026-06-16 17:14:49.967 | DEBUG    | __main__:binary_insert_sort:125 - вставка key=286 на позицию 3 → [-868, -277, 142, 286, 493, 541, 661, 709, 934, 733, -229, 79]
2026-06-16 17:14:49.967 | DEBUG    | __main__:binary_insert_sort:112 - Итерация i=9, key=733
2026-06-16 17:14:49.967 | DEBUG    | __main__:binary_insert_sort:115 - binary search: low=0, high=8, mid=4
2026-06-16 17:14:49.967 | DEBUG    | __main__:binary_insert_sort:115 - binary search: low=5, high=8, mid=6
2026-06-16 17:14:49.967 | DEBUG    | __main__:binary_insert_sort:115 - binary search: low=7, high=8, mid=7
2026-06-16 17:14:49.967 | DEBUG    | __main__:binary_insert_sort:115 - binary search: low=8, high=8, mid=8
2026-06-16 17:14:49.967 | INFO     | __main__:binary_insert_sort:120 - позиция для вставки: 8
2026-06-16 17:14:49.967 | DEBUG    | __main__:binary_insert_sort:123 - сдвиг: data[9] = data[8] → [-868, -277, 142, 286, 493, 541, 661, 709, 934, 934, -229, 79]
2026-06-16 17:14:49.967 | DEBUG    | __main__:binary_insert_sort:125 - вставка key=733 на позицию 8 → [-868, -277, 142, 286, 493, 541, 661, 709, 733, 934, -229, 79]
2026-06-16 17:14:49.967 | DEBUG    | __main__:binary_insert_sort:112 - Итерация i=10, key=-229
2026-06-16 17:14:49.967 | DEBUG    | __main__:binary_insert_sort:115 - binary search: low=0, high=9, mid=4
2026-06-16 17:14:49.967 | DEBUG    | __main__:binary_insert_sort:115 - binary search: low=0, high=3, mid=1
2026-06-16 17:14:49.967 | DEBUG    | __main__:binary_insert_sort:115 - binary search: low=2, high=3, mid=2
2026-06-16 17:14:49.967 | INFO     | __main__:binary_insert_sort:120 - позиция для вставки: 2
2026-06-16 17:14:49.967 | DEBUG    | __main__:binary_insert_sort:123 - сдвиг: data[10] = data[9] → [-868, -277, 142, 286, 493, 541, 661, 709, 733, 934, 934, 79]
2026-06-16 17:14:49.967 | DEBUG    | __main__:binary_insert_sort:123 - сдвиг: data[9] = data[8] → [-868, -277, 142, 286, 493, 541, 661, 709, 733, 733, 934, 79]
2026-06-16 17:14:49.967 | DEBUG    | __main__:binary_insert_sort:123 - сдвиг: data[8] = data[7] → [-868, -277, 142, 286, 493, 541, 661, 709, 709, 733, 934, 79]
2026-06-16 17:14:49.967 | DEBUG    | __main__:binary_insert_sort:123 - сдвиг: data[7] = data[6] → [-868, -277, 142, 286, 493, 541, 661, 661, 709, 733, 934, 79]
2026-06-16 17:14:49.967 | DEBUG    | __main__:binary_insert_sort:123 - сдвиг: data[6] = data[5] → [-868, -277, 142, 286, 493, 541, 541, 661, 709, 733, 934, 79]
2026-06-16 17:14:49.968 | DEBUG    | __main__:binary_insert_sort:123 - сдвиг: data[5] = data[4] → [-868, -277, 142, 286, 493, 493, 541, 661, 709, 733, 934, 79]
2026-06-16 17:14:49.968 | DEBUG    | __main__:binary_insert_sort:123 - сдвиг: data[4] = data[3] → [-868, -277, 142, 286, 286, 493, 541, 661, 709, 733, 934, 79]
2026-06-16 17:14:49.968 | DEBUG    | __main__:binary_insert_sort:123 - сдвиг: data[3] = data[2] → [-868, -277, 142, 142, 286, 493, 541, 661, 709, 733, 934, 79]
2026-06-16 17:14:49.968 | DEBUG    | __main__:binary_insert_sort:125 - вставка key=-229 на позицию 2 → [-868, -277, -229, 142, 286, 493, 541, 661, 709, 733, 934, 79]
2026-06-16 17:14:49.968 | DEBUG    | __main__:binary_insert_sort:112 - Итерация i=11, key=79
2026-06-16 17:14:49.968 | DEBUG    | __main__:binary_insert_sort:115 - binary search: low=0, high=10, mid=5
2026-06-16 17:14:49.968 | DEBUG    | __main__:binary_insert_sort:115 - binary search: low=0, high=4, mid=2
2026-06-16 17:14:49.968 | DEBUG    | __main__:binary_insert_sort:115 - binary search: low=3, high=4, mid=3
2026-06-16 17:14:49.968 | INFO     | __main__:binary_insert_sort:120 - позиция для вставки: 3
2026-06-16 17:14:49.968 | DEBUG    | __main__:binary_insert_sort:123 - сдвиг: data[11] = data[10] → [-868, -277, -229, 142, 286, 493, 541, 661, 709, 733, 934, 934]
2026-06-16 17:14:49.968 | DEBUG    | __main__:binary_insert_sort:123 - сдвиг: data[10] = data[9] → [-868, -277, -229, 142, 286, 493, 541, 661, 709, 733, 733, 934]
2026-06-16 17:14:49.968 | DEBUG    | __main__:binary_insert_sort:123 - сдвиг: data[9] = data[8] → [-868, -277, -229, 142, 286, 493, 541, 661, 709, 709, 733, 934]
2026-06-16 17:14:49.968 | DEBUG    | __main__:binary_insert_sort:123 - сдвиг: data[8] = data[7] → [-868, -277, -229, 142, 286, 493, 541, 661, 661, 709, 733, 934]
2026-06-16 17:14:49.968 | DEBUG    | __main__:binary_insert_sort:123 - сдвиг: data[7] = data[6] → [-868, -277, -229, 142, 286, 493, 541, 541, 661, 709, 733, 934]
2026-06-16 17:14:49.968 | DEBUG    | __main__:binary_insert_sort:123 - сдвиг: data[6] = data[5] → [-868, -277, -229, 142, 286, 493, 493, 541, 661, 709, 733, 934]
2026-06-16 17:14:49.968 | DEBUG    | __main__:binary_insert_sort:123 - сдвиг: data[5] = data[4] → [-868, -277, -229, 142, 286, 286, 493, 541, 661, 709, 733, 934]
2026-06-16 17:14:49.968 | DEBUG    | __main__:binary_insert_sort:123 - сдвиг: data[4] = data[3] → [-868, -277, -229, 142, 142, 286, 493, 541, 661, 709, 733, 934]
2026-06-16 17:14:49.968 | DEBUG    | __main__:binary_insert_sort:125 - вставка key=79 на позицию 3 → [-868, -277, -229, 79, 142, 286, 493, 541, 661, 709, 733, 934]
2026-06-16 17:14:49.968 | SUCCESS  | __main__:binary_insert_sort:126 - binary_insert_sort завершена | результат: [-868, -277, -229, 79, 142, 286, 493, 541, 661, 709, 733, 934]
2026-06-16 17:14:49.969 | INFO     | __main__:bubble_sort:132 - bubble_sort запущена | данные: [8, 7, 87, 87, 87, 87, 87, 85, 64, 534, 78, 87, 87, 87] | длина: 14
2026-06-16 17:14:49.969 | INFO     | __main__:bubble_sort:134 - Проход i=0, текущее состояние: [8, 7, 87, 87, 87, 87, 87, 85, 64, 534, 78, 87, 87, 87]
2026-06-16 17:14:49.969 | DEBUG    | __main__:bubble_sort:137 - swap: data[0]=8 > data[1]=7 → меняем
2026-06-16 17:14:49.969 | DEBUG    | __main__:bubble_sort:141 - после swap: [7, 8, 87, 87, 87, 87, 87, 85, 64, 534, 78, 87, 87, 87]
2026-06-16 17:14:49.969 | DEBUG    | __main__:bubble_sort:137 - swap: data[6]=87 > data[7]=85 → меняем
2026-06-16 17:14:49.969 | DEBUG    | __main__:bubble_sort:141 - после swap: [7, 8, 87, 87, 87, 87, 85, 87, 64, 534, 78, 87, 87, 87]
2026-06-16 17:14:49.969 | DEBUG    | __main__:bubble_sort:137 - swap: data[7]=87 > data[8]=64 → меняем
2026-06-16 17:14:49.969 | DEBUG    | __main__:bubble_sort:141 - после swap: [7, 8, 87, 87, 87, 87, 85, 64, 87, 534, 78, 87, 87, 87]
2026-06-16 17:14:49.969 | DEBUG    | __main__:bubble_sort:137 - swap: data[9]=534 > data[10]=78 → меняем
2026-06-16 17:14:49.970 | DEBUG    | __main__:bubble_sort:141 - после swap: [7, 8, 87, 87, 87, 87, 85, 64, 87, 78, 534, 87, 87, 87]
2026-06-16 17:14:49.970 | DEBUG    | __main__:bubble_sort:137 - swap: data[10]=534 > data[11]=87 → меняем
2026-06-16 17:14:49.970 | DEBUG    | __main__:bubble_sort:141 - после swap: [7, 8, 87, 87, 87, 87, 85, 64, 87, 78, 87, 534, 87, 87]
2026-06-16 17:14:49.970 | DEBUG    | __main__:bubble_sort:137 - swap: data[11]=534 > data[12]=87 → меняем
2026-06-16 17:14:49.970 | DEBUG    | __main__:bubble_sort:141 - после swap: [7, 8, 87, 87, 87, 87, 85, 64, 87, 78, 87, 87, 534, 87]
2026-06-16 17:14:49.970 | DEBUG    | __main__:bubble_sort:137 - swap: data[12]=534 > data[13]=87 → меняем
2026-06-16 17:14:49.970 | DEBUG    | __main__:bubble_sort:141 - после swap: [7, 8, 87, 87, 87, 87, 85, 64, 87, 78, 87, 87, 87, 534]
2026-06-16 17:14:49.970 | INFO     | __main__:bubble_sort:134 - Проход i=1, текущее состояние: [7, 8, 87, 87, 87, 87, 85, 64, 87, 78, 87, 87, 87, 534]
2026-06-16 17:14:49.970 | DEBUG    | __main__:bubble_sort:137 - swap: data[5]=87 > data[6]=85 → меняем
2026-06-16 17:14:49.970 | DEBUG    | __main__:bubble_sort:141 - после swap: [7, 8, 87, 87, 87, 85, 87, 64, 87, 78, 87, 87, 87, 534]
2026-06-16 17:14:49.970 | DEBUG    | __main__:bubble_sort:137 - swap: data[6]=87 > data[7]=64 → меняем
2026-06-16 17:14:49.970 | DEBUG    | __main__:bubble_sort:141 - после swap: [7, 8, 87, 87, 87, 85, 64, 87, 87, 78, 87, 87, 87, 534]
2026-06-16 17:14:49.970 | DEBUG    | __main__:bubble_sort:137 - swap: data[8]=87 > data[9]=78 → меняем
2026-06-16 17:14:49.970 | DEBUG    | __main__:bubble_sort:141 - после swap: [7, 8, 87, 87, 87, 85, 64, 87, 78, 87, 87, 87, 87, 534]
2026-06-16 17:14:49.970 | INFO     | __main__:bubble_sort:134 - Проход i=2, текущее состояние: [7, 8, 87, 87, 87, 85, 64, 87, 78, 87, 87, 87, 87, 534]
2026-06-16 17:14:49.970 | DEBUG    | __main__:bubble_sort:137 - swap: data[4]=87 > data[5]=85 → меняем
2026-06-16 17:14:49.970 | DEBUG    | __main__:bubble_sort:141 - после swap: [7, 8, 87, 87, 85, 87, 64, 87, 78, 87, 87, 87, 87, 534]
2026-06-16 17:14:49.970 | DEBUG    | __main__:bubble_sort:137 - swap: data[5]=87 > data[6]=64 → меняем
2026-06-16 17:14:49.970 | DEBUG    | __main__:bubble_sort:141 - после swap: [7, 8, 87, 87, 85, 64, 87, 87, 78, 87, 87, 87, 87, 534]
2026-06-16 17:14:49.970 | DEBUG    | __main__:bubble_sort:137 - swap: data[7]=87 > data[8]=78 → меняем
2026-06-16 17:14:49.970 | DEBUG    | __main__:bubble_sort:141 - после swap: [7, 8, 87, 87, 85, 64, 87, 78, 87, 87, 87, 87, 87, 534]
2026-06-16 17:14:49.970 | INFO     | __main__:bubble_sort:134 - Проход i=3, текущее состояние: [7, 8, 87, 87, 85, 64, 87, 78, 87, 87, 87, 87, 87, 534]
2026-06-16 17:14:49.970 | DEBUG    | __main__:bubble_sort:137 - swap: data[3]=87 > data[4]=85 → меняем
2026-06-16 17:14:49.970 | DEBUG    | __main__:bubble_sort:141 - после swap: [7, 8, 87, 85, 87, 64, 87, 78, 87, 87, 87, 87, 87, 534]
2026-06-16 17:14:49.970 | DEBUG    | __main__:bubble_sort:137 - swap: data[4]=87 > data[5]=64 → меняем
2026-06-16 17:14:49.970 | DEBUG    | __main__:bubble_sort:141 - после swap: [7, 8, 87, 85, 64, 87, 87, 78, 87, 87, 87, 87, 87, 534]
2026-06-16 17:14:49.970 | DEBUG    | __main__:bubble_sort:137 - swap: data[6]=87 > data[7]=78 → меняем
2026-06-16 17:14:49.970 | DEBUG    | __main__:bubble_sort:141 - после swap: [7, 8, 87, 85, 64, 87, 78, 87, 87, 87, 87, 87, 87, 534]
2026-06-16 17:14:49.970 | INFO     | __main__:bubble_sort:134 - Проход i=4, текущее состояние: [7, 8, 87, 85, 64, 87, 78, 87, 87, 87, 87, 87, 87, 534]
2026-06-16 17:14:49.970 | DEBUG    | __main__:bubble_sort:137 - swap: data[2]=87 > data[3]=85 → меняем
2026-06-16 17:14:49.970 | DEBUG    | __main__:bubble_sort:141 - после swap: [7, 8, 85, 87, 64, 87, 78, 87, 87, 87, 87, 87, 87, 534]
2026-06-16 17:14:49.970 | DEBUG    | __main__:bubble_sort:137 - swap: data[3]=87 > data[4]=64 → меняем
2026-06-16 17:14:49.970 | DEBUG    | __main__:bubble_sort:141 - после swap: [7, 8, 85, 64, 87, 87, 78, 87, 87, 87, 87, 87, 87, 534]
2026-06-16 17:14:49.970 | DEBUG    | __main__:bubble_sort:137 - swap: data[5]=87 > data[6]=78 → меняем
2026-06-16 17:14:49.970 | DEBUG    | __main__:bubble_sort:141 - после swap: [7, 8, 85, 64, 87, 78, 87, 87, 87, 87, 87, 87, 87, 534]
2026-06-16 17:14:49.972 | INFO     | __main__:bubble_sort:134 - Проход i=5, текущее состояние: [7, 8, 85, 64, 87, 78, 87, 87, 87, 87, 87, 87, 87, 534]
2026-06-16 17:14:49.972 | DEBUG    | __main__:bubble_sort:137 - swap: data[2]=85 > data[3]=64 → меняем
2026-06-16 17:14:49.972 | DEBUG    | __main__:bubble_sort:141 - после swap: [7, 8, 64, 85, 87, 78, 87, 87, 87, 87, 87, 87, 87, 534]
2026-06-16 17:14:49.972 | DEBUG    | __main__:bubble_sort:137 - swap: data[4]=87 > data[5]=78 → меняем
2026-06-16 17:14:49.972 | DEBUG    | __main__:bubble_sort:141 - после swap: [7, 8, 64, 85, 78, 87, 87, 87, 87, 87, 87, 87, 87, 534]
2026-06-16 17:14:49.972 | INFO     | __main__:bubble_sort:134 - Проход i=6, текущее состояние: [7, 8, 64, 85, 78, 87, 87, 87, 87, 87, 87, 87, 87, 534]
2026-06-16 17:14:49.972 | DEBUG    | __main__:bubble_sort:137 - swap: data[3]=85 > data[4]=78 → меняем
2026-06-16 17:14:49.972 | DEBUG    | __main__:bubble_sort:141 - после swap: [7, 8, 64, 78, 85, 87, 87, 87, 87, 87, 87, 87, 87, 534]
2026-06-16 17:14:49.972 | INFO     | __main__:bubble_sort:134 - Проход i=7, текущее состояние: [7, 8, 64, 78, 85, 87, 87, 87, 87, 87, 87, 87, 87, 534]
2026-06-16 17:14:49.972 | INFO     | __main__:bubble_sort:134 - Проход i=8, текущее состояние: [7, 8, 64, 78, 85, 87, 87, 87, 87, 87, 87, 87, 87, 534]
2026-06-16 17:14:49.972 | INFO     | __main__:bubble_sort:134 - Проход i=9, текущее состояние: [7, 8, 64, 78, 85, 87, 87, 87, 87, 87, 87, 87, 87, 534]
2026-06-16 17:14:49.972 | INFO     | __main__:bubble_sort:134 - Проход i=10, текущее состояние: [7, 8, 64, 78, 85, 87, 87, 87, 87, 87, 87, 87, 87, 534]
2026-06-16 17:14:49.972 | INFO     | __main__:bubble_sort:134 - Проход i=11, текущее состояние: [7, 8, 64, 78, 85, 87, 87, 87, 87, 87, 87, 87, 87, 534]
2026-06-16 17:14:49.972 | INFO     | __main__:bubble_sort:134 - Проход i=12, текущее состояние: [7, 8, 64, 78, 85, 87, 87, 87, 87, 87, 87, 87, 87, 534]
2026-06-16 17:14:49.973 | SUCCESS  | __main__:bubble_sort:142 - bubble_sort завершена | результат: [7, 8, 64, 78, 85, 87, 87, 87, 87, 87, 87, 87, 87, 534]
